yarn install v1.22.22
[1/4] Resolving packages...
[2/4] Fetching packages...
[3/4] Linking dependencies...
warning " > @mui/styles@5.15.18" has incorrect peer dependency "react@^17.0.0".
[4/4] Building fresh packages...
Done in 67.35s.
npm WARN exec The following package was not found and will be installed: browserslist@4.23.0
The --update-db command is deprecated.
Please use npx update-browserslist-db@latest instead.
Browserslist DB update will still be made.
Latest version:     [1m[32m1.0.30001621[39m[22m
Installed version:  [1m[31m1.0.30001600[39m[22m
Removing old caniuse-lite from lock file
Installing new caniuse-lite version
[33m$ yarn add -W caniuse-lite[39m
warning " > @mui/styles@5.15.18" has incorrect peer dependency "react@^17.0.0".
Cleaning package.json dependencies from caniuse-lite
[33m$ yarn remove -W caniuse-lite[39m
warning " > @mui/styles@5.15.18" has incorrect peer dependency "react@^17.0.0".
caniuse-lite has been successfully updated

[32mNo target browser changes[39m
yarn run v1.22.22
$ node node_modules/react-scripts/bin/react-scripts.js build
Creating an optimized production build...
[0;33mOne of your dependencies, babel-preset-react-app, is importing the
"@babel/plugin-proposal-private-property-in-object" package without
declaring it in its dependencies. This is currently working because
"@babel/plugin-proposal-private-property-in-object" is already in your
node_modules folder for unrelated reasons, but it [1mmay break at any time[0;33m.

babel-preset-react-app is part of the create-react-app project, [1mwhich
is not maintianed anymore[0;33m. It is thus unlikely that this bug will
ever be fixed. Add "@babel/plugin-proposal-private-property-in-object" to
your devDependencies to work around this error. This will make this message
go away.[0m
  
Compiled successfully.

File sizes after gzip:

  71.32 kB  build/static/js/main.16f20faa.js
  2.68 kB   build/static/js/462.8cab6ee4.chunk.js
  1.07 kB   build/static/css/main.3b471f91.css

The project was built assuming it is hosted at /.
You can control this with the homepage field in your package.json.

The build folder is ready to be deployed.
You may serve it with a static server:

  yarn global add serve
  serve -s build

Find out more about deployment here:

  https://cra.link/deployment

Done in 8.99s.
17:00:18.417 [main] INFO org.springframework.test.context.support.AnnotationConfigContextLoaderUtils -- Could not detect default configuration classes for test class [com.datengaertnerei.test.dataservice.browser.TestDataServiceBrowserTests]: TestDataServiceBrowserTests does not declare any static, non-private, non-final, nested classes annotated with @Configuration.
17:00:18.643 [main] INFO org.springframework.boot.test.context.SpringBootTestContextBootstrapper -- Found @SpringBootConfiguration com.datengaertnerei.test.dataservice.DataServiceApplication for test class com.datengaertnerei.test.dataservice.browser.TestDataServiceBrowserTests

  .   ____          _            __ _ _
 /\\ / ___'_ __ _ _(_)_ __  __ _ \ \ \ \
( ( )\___ | '_ | '_| | '_ \/ _` | \ \ \ \
 \\/  ___)| |_)| | | | | || (_| |  ) ) ) )
  '  |____| .__|_| |_|_| |_\__, | / / / /
 =========|_|==============|___/=/_/_/_/
 :: Spring Boot ::                (v3.2.5)

2024-05-22T17:00:19.329Z  INFO 2598 --- [           main] c.d.t.d.b.TestDataServiceBrowserTests    : Starting TestDataServiceBrowserTests using Java 17.0.11 with PID 2598 (started by runner in /home/runner/work/test-data-service/test-data-service)
2024-05-22T17:00:19.331Z  INFO 2598 --- [           main] c.d.t.d.b.TestDataServiceBrowserTests    : No active profile set, falling back to 1 default profile: "default"
2024-05-22T17:00:22.037Z  INFO 2598 --- [           main] .s.d.r.c.RepositoryConfigurationDelegate : Bootstrapping Spring Data JPA repositories in DEFAULT mode.
2024-05-22T17:00:22.263Z  INFO 2598 --- [           main] .s.d.r.c.RepositoryConfigurationDelegate : Finished Spring Data repository scanning in 215 ms. Found 1 JPA repository interface.
2024-05-22T17:00:23.080Z  INFO 2598 --- [           main] o.s.b.w.embedded.tomcat.TomcatWebServer  : Tomcat initialized with port 0 (http)
2024-05-22T17:00:23.115Z  INFO 2598 --- [           main] o.apache.catalina.core.StandardService   : Starting service [Tomcat]
2024-05-22T17:00:23.115Z  INFO 2598 --- [           main] o.apache.catalina.core.StandardEngine    : Starting Servlet engine: [Apache Tomcat/10.1.20]
2024-05-22T17:00:23.218Z  INFO 2598 --- [           main] o.a.c.c.C.[Tomcat].[localhost].[/]       : Initializing Spring embedded WebApplicationContext
2024-05-22T17:00:23.219Z  INFO 2598 --- [           main] w.s.c.ServletWebServerApplicationContext : Root WebApplicationContext: initialization completed in 3288 ms
2024-05-22T17:00:23.424Z  INFO 2598 --- [           main] o.hibernate.jpa.internal.util.LogHelper  : HHH000204: Processing PersistenceUnitInfo [name: default]
2024-05-22T17:00:23.508Z  INFO 2598 --- [           main] org.hibernate.Version                    : HHH000412: Hibernate ORM core version 6.4.4.Final
2024-05-22T17:00:23.558Z  INFO 2598 --- [           main] o.h.c.internal.RegionFactoryInitiator    : HHH000026: Second-level cache disabled
2024-05-22T17:00:23.878Z  INFO 2598 --- [           main] o.s.o.j.p.SpringPersistenceUnitInfo      : No LoadTimeWeaver setup: ignoring JPA class transformer
2024-05-22T17:00:23.910Z  INFO 2598 --- [           main] com.zaxxer.hikari.HikariDataSource       : HikariPool-1 - Starting...
2024-05-22T17:00:24.386Z  INFO 2598 --- [           main] com.zaxxer.hikari.pool.HikariPool        : HikariPool-1 - Added connection conn0: url=jdbc:h2:file:./data/testdata user=SA
2024-05-22T17:00:24.388Z  INFO 2598 --- [           main] com.zaxxer.hikari.HikariDataSource       : HikariPool-1 - Start completed.
2024-05-22T17:00:24.433Z  WARN 2598 --- [           main] org.hibernate.orm.deprecation            : HHH90000025: H2Dialect does not need to be specified explicitly using 'hibernate.dialect' (remove the property setting and it will be selected by default)
2024-05-22T17:00:25.726Z  INFO 2598 --- [           main] o.h.e.t.j.p.i.JtaPlatformInitiator       : HHH000489: No JTA platform available (set 'hibernate.transaction.jta.platform' to enable JTA platform integration)
2024-05-22T17:00:25.804Z  INFO 2598 --- [           main] j.LocalContainerEntityManagerFactoryBean : Initialized JPA EntityManagerFactory for persistence unit 'default'
2024-05-22T17:00:26.119Z  INFO 2598 --- [           main] o.s.d.j.r.query.QueryEnhancerFactory     : Hibernate is in classpath; If applicable, HQL parser will be used.
2024-05-22T17:00:26.887Z  INFO 2598 --- [           main] c.d.t.d.person.PersonGenerator           : Importing OSM dump
2024-05-22T17:00:28.332Z  INFO 2598 --- [           main] c.d.test.dataservice.person.AddressSink  : processing 1
2024-05-22T17:00:31.789Z  INFO 2598 --- [           main] c.d.t.d.person.PersonGenerator           : Address count: 6480
2024-05-22T17:00:32.132Z  INFO 2598 --- [           main] o.s.b.a.w.s.WelcomePageHandlerMapping    : Adding welcome page: class path resource [static/index.html]
2024-05-22T17:00:32.836Z  INFO 2598 --- [           main] o.s.b.w.embedded.tomcat.TomcatWebServer  : Tomcat started on port 41371 (http) with context path ''
2024-05-22T17:00:32.849Z  INFO 2598 --- [           main] c.d.t.d.b.TestDataServiceBrowserTests    : Started TestDataServiceBrowserTests in 13.988 seconds (process running for 16.485)
2024-05-22T17:00:32.853Z  INFO 2598 --- [           main] c.d.t.d.DataServiceApplication           : Started with bean count of 327
OpenJDK 64-Bit Server VM warning: Sharing is only supported for boot loader classes because bootstrap classpath has been appended
Playwright Host validation warning: 
‚ïî‚ïê‚ïê‚ïê‚ïê‚ïê‚ïê‚ïê‚ïê‚ïê‚ïê‚ïê‚ïê‚ïê‚ïê‚ïê‚ïê‚ïê‚ïê‚ïê‚ïê‚ïê‚ïê‚ïê‚ïê‚ïê‚ïê‚ïê‚ïê‚ïê‚ïê‚ïê‚ïê‚ïê‚ïê‚ïê‚ïê‚ïê‚ïê‚ïê‚ïê‚ïê‚ïê‚ïê‚ïê‚ïê‚ïê‚ïê‚ïê‚ïê‚ïê‚ïê‚ïê‚ïê‚ïê‚ïó
‚ïë Host system is missing dependencies to run browsers. ‚ïë
‚ïë Missing libraries:                                   ‚ïë
‚ïë     libwoff2dec.so.1.0.2                             ‚ïë
‚ïë     libvpx.so.7                                      ‚ïë
‚ïë     libevent-2.1.so.7                                ‚ïë
‚ïë     libopus.so.0                                     ‚ïë
‚ïë     libgstallocators-1.0.so.0                        ‚ïë
‚ïë     libgstapp-1.0.so.0                               ‚ïë
‚ïë     libgstpbutils-1.0.so.0                           ‚ïë
‚ïë     libgstaudio-1.0.so.0                             ‚ïë
‚ïë     libgsttag-1.0.so.0                               ‚ïë
‚ïë     libgstvideo-1.0.so.0                             ‚ïë
‚ïë     libgstgl-1.0.so.0                                ‚ïë
‚ïë     libgstcodecparsers-1.0.so.0                      ‚ïë
‚ïë     libgstfft-1.0.so.0                               ‚ïë
‚ïë     libharfbuzz-icu.so.0                             ‚ïë
‚ïë     libhyphen.so.0                                   ‚ïë
‚ïë     libmanette-0.2.so.0                              ‚ïë
‚ïë     libflite.so.1                                    ‚ïë
‚ïë     libflite_usenglish.so.1                          ‚ïë
‚ïë     libflite_cmu_grapheme_lang.so.1                  ‚ïë
‚ïë     libflite_cmu_grapheme_lex.so.1                   ‚ïë
‚ïë     libflite_cmu_indic_lang.so.1                     ‚ïë
‚ïë     libflite_cmu_indic_lex.so.1                      ‚ïë
‚ïë     libflite_cmulex.so.1                             ‚ïë
‚ïë     libflite_cmu_time_awb.so.1                       ‚ïë
‚ïë     libflite_cmu_us_awb.so.1                         ‚ïë
‚ïë     libflite_cmu_us_kal16.so.1                       ‚ïë
‚ïë     libflite_cmu_us_kal.so.1                         ‚ïë
‚ïë     libflite_cmu_us_rms.so.1                         ‚ïë
‚ïë     libflite_cmu_us_slt.so.1                         ‚ïë
‚ïë     libGLESv2.so.2                                   ‚ïë
‚ïë     libx264.so                                       ‚ïë
‚ïö‚ïê‚ïê‚ïê‚ïê‚ïê‚ïê‚ïê‚ïê‚ïê‚ïê‚ïê‚ïê‚ïê‚ïê‚ïê‚ïê‚ïê‚ïê‚ïê‚ïê‚ïê‚ïê‚ïê‚ïê‚ïê‚ïê‚ïê‚ïê‚ïê‚ïê‚ïê‚ïê‚ïê‚ïê‚ïê‚ïê‚ïê‚ïê‚ïê‚ïê‚ïê‚ïê‚ïê‚ïê‚ïê‚ïê‚ïê‚ïê‚ïê‚ïê‚ïê‚ïê‚ïê‚ïê‚ïù
    at validateDependenciesLinux (/tmp/playwright-java-17583970871055258409/package/lib/server/registry/dependencies.js:216:9)
    at process.processTicksAndRejections (node:internal/process/task_queues:95:5)
    at async Registry._validateHostRequirements (/tmp/playwright-java-17583970871055258409/package/lib/server/registry/index.js:603:43)
    at async Registry._validateHostRequirementsForExecutableIfNeeded (/tmp/playwright-java-17583970871055258409/package/lib/server/registry/index.js:701:7)
    at async Registry.validateHostRequirementsForExecutablesIfNeeded (/tmp/playwright-java-17583970871055258409/package/lib/server/registry/index.js:690:43)
    at async t.<anonymous> (/tmp/playwright-java-17583970871055258409/package/lib/cli/program.js:119:7)
2024-05-22T17:00:45.821Z  INFO 2598 --- [o-auto-1-exec-1] o.a.c.c.C.[Tomcat].[localhost].[/]       : Initializing Spring DispatcherServlet 'dispatcherServlet'
2024-05-22T17:00:45.822Z  INFO 2598 --- [o-auto-1-exec-1] o.s.web.servlet.DispatcherServlet        : Initializing Servlet 'dispatcherServlet'
2024-05-22T17:00:45.823Z  INFO 2598 --- [o-auto-1-exec-1] o.s.web.servlet.DispatcherServlet        : Completed initialization in 1 ms
2024-05-22T17:00:46.361Z  INFO 2598 --- [           main] t.c.s.AnnotationConfigContextLoaderUtils : Could not detect default configuration classes for test class [com.datengaertnerei.test.dataservice.junit.TestDataServiceApiTests]: TestDataServiceApiTests does not declare any static, non-private, non-final, nested classes annotated with @Configuration.
2024-05-22T17:00:46.376Z  INFO 2598 --- [           main] .b.t.c.SpringBootTestContextBootstrapper : Found @SpringBootConfiguration com.datengaertnerei.test.dataservice.DataServiceApplication for test class com.datengaertnerei.test.dataservice.junit.TestDataServiceApiTests
2024-05-22T17:00:47.318Z  WARN 2598 --- [o-auto-1-exec-6] .w.s.m.s.DefaultHandlerExceptionResolver : Resolved [org.springframework.web.context.request.async.AsyncRequestNotUsableException: ServletOutputStream failed to flush: java.io.IOException: Broken pipe]
2024-05-22T17:00:47.539Z  INFO 2598 --- [o-auto-1-exec-9] o.springdoc.api.AbstractOpenApiResource  : Init duration for springdoc-openapi is: 629 ms

Verifying a pact between consumer and test-data-provider
  [Using File src/test/resources/pacts/bundles.json]
  A successful api GET call for a bundle
2024-05-22T17:00:48.599Z  WARN 2598 --- [       Thread-7] au.com.dius.pact.core.support.Metrics    : 
            Please note: we are tracking events anonymously to gather important usage statistics like JVM version
            and operating system. To disable tracking, set the 'pact_do_not_track' system property or environment
            variable to 'true'.
            
    returns a response which
      has status code 200 (OK)
      has a matching body (OK)
2024-05-22T17:00:48.731Z  WARN 2598 --- [           main] a.c.d.p.p.DefaultTestResultAccumulator   : Skipping publishing of verification results as it has been disabled (pact.verifier.publishResults is not 'true')
2024-05-22T17:00:48.738Z  INFO 2598 --- [           main] t.c.s.AnnotationConfigContextLoaderUtils : Could not detect default configuration classes for test class [com.datengaertnerei.test.dataservice.restassured.RestApiTest]: RestApiTest does not declare any static, non-private, non-final, nested classes annotated with @Configuration.
2024-05-22T17:00:48.744Z  INFO 2598 --- [           main] .b.t.c.SpringBootTestContextBootstrapper : Found @SpringBootConfiguration com.datengaertnerei.test.dataservice.DataServiceApplication for test class com.datengaertnerei.test.dataservice.restassured.RestApiTest
2024-05-22T17:00:50.327Z  INFO 2598 --- [           main] t.c.s.AnnotationConfigContextLoaderUtils : Could not detect default configuration classes for test class [com.datengaertnerei.test.dataservice.person.DataImportTest]: DataImportTest does not declare any static, non-private, non-final, nested classes annotated with @Configuration.
2024-05-22T17:00:50.333Z  INFO 2598 --- [           main] .b.t.c.SpringBootTestContextBootstrapper : Found @SpringBootConfiguration com.datengaertnerei.test.dataservice.DataServiceApplication for test class com.datengaertnerei.test.dataservice.person.DataImportTest
2024-05-22T17:00:50.347Z  INFO 2598 --- [           main] c.d.test.dataservice.person.AddressSink  : processing 1
2024-05-22T17:00:52.014Z  INFO 2598 --- [           main] t.c.s.AnnotationConfigContextLoaderUtils : Could not detect default configuration classes for test class [com.datengaertnerei.test.dataservice.cucumber.CucumberSpringContextConfiguration]: CucumberSpringContextConfiguration does not declare any static, non-private, non-final, nested classes annotated with @Configuration.
2024-05-22T17:00:52.018Z  INFO 2598 --- [           main] .b.t.c.SpringBootTestContextBootstrapper : Found @SpringBootConfiguration com.datengaertnerei.test.dataservice.DataServiceApplication for test class com.datengaertnerei.test.dataservice.cucumber.CucumberSpringContextConfiguration
2024-05-22T17:00:52.124Z  INFO 2598 --- [           main] t.c.s.AnnotationConfigContextLoaderUtils : Could not detect default configuration classes for test class [com.datengaertnerei.test.dataservice.cucumber.CucumberSpringContextConfiguration]: CucumberSpringContextConfiguration does not declare any static, non-private, non-final, nested classes annotated with @Configuration.
2024-05-22T17:00:52.125Z  INFO 2598 --- [           main] .b.t.c.SpringBootTestContextBootstrapper : Found @SpringBootConfiguration com.datengaertnerei.test.dataservice.DataServiceApplication for test class com.datengaertnerei.test.dataservice.cucumber.CucumberSpringContextConfiguration
[WARNING] Corrupted channel by directly writing to native stream in forked JVM 1. See FAQ web page and the dump file /home/runner/work/test-data-service/test-data-service/target/surefire-reports/2024-05-22T17-00-16_196-jvmRun1.dumpstream
yarn install v1.22.22
[1/4] Resolving packages...
success Already up-to-date.
Done in 0.46s.
The --update-db command is deprecated.
Please use npx update-browserslist-db@latest instead.
Browserslist DB update will still be made.
Latest version:     [1m[32m1.0.30001621[39m[22m
Installed version:  [1m[32m1.0.30001621[39m[22m
[1m[32mcaniuse-lite is up to date[39m[22m
caniuse-lite has been successfully updated

[32mNo target browser changes[39m
yarn install v1.22.22
[1/4] Resolving packages...
success Already up-to-date.
Done in 0.47s.
The --update-db command is deprecated.
Please use npx update-browserslist-db@latest instead.
Browserslist DB update will still be made.
Latest version:     [1m[32m1.0.30001621[39m[22m
Installed version:  [1m[32m1.0.30001621[39m[22m
[1m[32mcaniuse-lite is up to date[39m[22m
caniuse-lite has been successfully updated

[32mNo target browser changes[39m
yarn run v1.22.22
$ node node_modules/react-scripts/bin/react-scripts.js build
Creating an optimized production build...
Compiled successfully.

File sizes after gzip:

  71.32 kB  build/static/js/main.16f20faa.js
  2.68 kB   build/static/js/462.8cab6ee4.chunk.js
  1.07 kB   build/static/css/main.3b471f91.css

The project was built assuming it is hosted at /.
You can control this with the homepage field in your package.json.

The build folder is ready to be deployed.
You may serve it with a static server:

  yarn global add serve
  serve -s build

Find out more about deployment here:

  https://cra.link/deployment

Done in 6.69s.
yarn install v1.22.22
[1/4] Resolving packages...
success Already up-to-date.
Done in 0.51s.
The --update-db command is deprecated.
Please use npx update-browserslist-db@latest instead.
Browserslist DB update will still be made.
Latest version:     [1m[32m1.0.30001621[39m[22m
Installed version:  [1m[32m1.0.30001621[39m[22m
[1m[32mcaniuse-lite is up to date[39m[22m
caniuse-lite has been successfully updated

[32mNo target browser changes[39m
yarn run v1.22.22
$ node node_modules/react-scripts/bin/react-scripts.js build
Creating an optimized production build...
Compiled successfully.

File sizes after gzip:

  71.32 kB  build/static/js/main.16f20faa.js
  2.68 kB   build/static/js/462.8cab6ee4.chunk.js
  1.07 kB   build/static/css/main.3b471f91.css

The project was built assuming it is hosted at /.
You can control this with the homepage field in your package.json.

The build folder is ready to be deployed.
You may serve it with a static server:

  yarn global add serve
  serve -s build

Find out more about deployment here:

  https://cra.link/deployment

Done in 6.84s.
yarn install v1.22.22
[1/4] Resolving packages...
success Already up-to-date.
Done in 0.48s.
The --update-db command is deprecated.
Please use npx update-browserslist-db@latest instead.
Browserslist DB update will still be made.
Latest version:     [1m[32m1.0.30001621[39m[22m
Installed version:  [1m[32m1.0.30001621[39m[22m
[1m[32mcaniuse-lite is up to date[39m[22m
caniuse-lite has been successfully updated

[32mNo target browser changes[39m
yarn install v1.22.22
[1/4] Resolving packages...
success Already up-to-date.
Done in 0.50s.
The --update-db command is deprecated.
Please use npx update-browserslist-db@latest instead.
Browserslist DB update will still be made.
Latest version:     [1m[32m1.0.30001621[39m[22m
Installed version:  [1m[32m1.0.30001621[39m[22m
[1m[32mcaniuse-lite is up to date[39m[22m
caniuse-lite has been successfully updated

[32mNo target browser changes[39m
yarn run v1.22.22
$ node node_modules/react-scripts/bin/react-scripts.js build
Creating an optimized production build...
Compiled successfully.

File sizes after gzip:

  71.32 kB  build/static/js/main.16f20faa.js
  2.68 kB   build/static/js/462.8cab6ee4.chunk.js
  1.07 kB   build/static/css/main.3b471f91.css

The project was built assuming it is hosted at /.
You can control this with the homepage field in your package.json.

The build folder is ready to be deployed.
You may serve it with a static server:

  yarn global add serve
  serve -s build

Find out more about deployment here:

  https://cra.link/deployment

Done in 6.68s.
[WARNING] Unable to find a URL to the parent project. The parent menu will NOT be added.
[WARNING] Unable to create Maven project for com.querydsl:querydsl-codegen-utils:jar:5.0.0 from repository.
[WARNING] Unable to create Maven project for io.micrometer:docs:jar:1.2.5 from repository.
[WARNING] Unable to create Maven project for org.apache.logging.log4j:log4j-jmx-gui:jar:2.21.1 from repository.
