yarn install v1.22.19
[1/4] Resolving packages...
[2/4] Fetching packages...
[3/4] Linking dependencies...
warning " > @mui/styles@5.14.10" has incorrect peer dependency "react@^17.0.0".
[4/4] Building fresh packages...
Done in 86.10s.
npm WARN exec The following package was not found and will be installed: browserslist@4.21.10
Latest version:     [1m[32m1.0.30001535[39m[22m
Installed versions: [1m[31m1.0.30001515, 1.0.30001520[39m[22m
Removing old caniuse-lite from lock file
Installing new caniuse-lite version
[33m$ yarn add -W caniuse-lite[39m
warning " > @mui/styles@5.14.10" has incorrect peer dependency "react@^17.0.0".
Cleaning package.json dependencies from caniuse-lite
[33m$ yarn remove -W caniuse-lite[39m
warning " > @mui/styles@5.14.10" has incorrect peer dependency "react@^17.0.0".
caniuse-lite has been successfully updated

[32mNo target browser changes[39m
yarn run v1.22.19
$ node node_modules/react-scripts/bin/react-scripts.js build
Creating an optimized production build...
[0;33mOne of your dependencies, babel-preset-react-app, is importing the
"@babel/plugin-proposal-private-property-in-object" package without
declaring it in its dependencies. This is currently working because
"@babel/plugin-proposal-private-property-in-object" is already in your
node_modules folder for unrelated reasons, but it [1mmay break at any time[0;33m.

babel-preset-react-app is part of the create-react-app project, [1mwhich
is not maintianed anymore[0;33m. It is thus unlikely that this bug will
ever be fixed. Add "@babel/plugin-proposal-private-property-in-object" to
your devDependencies to work around this error. This will make this message
go away.[0m
  
Compiled successfully.

File sizes after gzip:

  68.91 kB  build/static/js/main.1257d8b3.js
  2.63 kB   build/static/js/729.ea47c313.chunk.js
  1.05 kB   build/static/css/main.7f34a671.css

The project was built assuming it is hosted at /.
You can control this with the homepage field in your package.json.

The build folder is ready to be deployed.
You may serve it with a static server:

  yarn global add serve
  serve -s build

Find out more about deployment here:

  https://cra.link/deployment

Done in 13.86s.
00:20:55.098 [main] INFO org.springframework.test.context.support.AnnotationConfigContextLoaderUtils -- Could not detect default configuration classes for test class [com.datengaertnerei.test.dataservice.restassured.RestApiTest]: RestApiTest does not declare any static, non-private, non-final, nested classes annotated with @Configuration.
00:20:55.405 [main] INFO org.springframework.boot.test.context.SpringBootTestContextBootstrapper -- Found @SpringBootConfiguration com.datengaertnerei.test.dataservice.DataServiceApplication for test class com.datengaertnerei.test.dataservice.restassured.RestApiTest

  .   ____          _            __ _ _
 /\\ / ___'_ __ _ _(_)_ __  __ _ \ \ \ \
( ( )\___ | '_ | '_| | '_ \/ _` | \ \ \ \
 \\/  ___)| |_)| | | | | || (_| |  ) ) ) )
  '  |____| .__|_| |_|_| |_\__, | / / / /
 =========|_|==============|___/=/_/_/_/
 :: Spring Boot ::                (v3.1.3)

2023-09-19T00:20:56.396Z  INFO 2527 --- [           main] c.d.t.d.restassured.RestApiTest          : Starting RestApiTest using Java 17.0.8.1 with PID 2527 (started by runner in /home/runner/work/test-data-service/test-data-service)
2023-09-19T00:20:56.398Z  INFO 2527 --- [           main] c.d.t.d.restassured.RestApiTest          : No active profile set, falling back to 1 default profile: "default"
2023-09-19T00:21:00.050Z  INFO 2527 --- [           main] .s.d.r.c.RepositoryConfigurationDelegate : Bootstrapping Spring Data JPA repositories in DEFAULT mode.
2023-09-19T00:21:00.375Z  INFO 2527 --- [           main] .s.d.r.c.RepositoryConfigurationDelegate : Finished Spring Data repository scanning in 308 ms. Found 1 JPA repository interfaces.
2023-09-19T00:21:01.498Z  INFO 2527 --- [           main] o.s.b.w.embedded.tomcat.TomcatWebServer  : Tomcat initialized with port(s): 0 (http)
2023-09-19T00:21:01.518Z  INFO 2527 --- [           main] o.apache.catalina.core.StandardService   : Starting service [Tomcat]
2023-09-19T00:21:01.519Z  INFO 2527 --- [           main] o.apache.catalina.core.StandardEngine    : Starting Servlet engine: [Apache Tomcat/10.1.12]
2023-09-19T00:21:01.761Z  INFO 2527 --- [           main] o.a.c.c.C.[Tomcat].[localhost].[/]       : Initializing Spring embedded WebApplicationContext
2023-09-19T00:21:01.762Z  INFO 2527 --- [           main] w.s.c.ServletWebServerApplicationContext : Root WebApplicationContext: initialization completed in 4555 ms
2023-09-19T00:21:02.042Z  INFO 2527 --- [           main] o.hibernate.jpa.internal.util.LogHelper  : HHH000204: Processing PersistenceUnitInfo [name: default]
2023-09-19T00:21:02.180Z  INFO 2527 --- [           main] org.hibernate.Version                    : HHH000412: Hibernate ORM core version 6.2.7.Final
2023-09-19T00:21:02.187Z  INFO 2527 --- [           main] org.hibernate.cfg.Environment            : HHH000406: Using bytecode reflection optimizer
2023-09-19T00:21:02.483Z  INFO 2527 --- [           main] o.h.b.i.BytecodeProviderInitiator        : HHH000021: Bytecode provider name : bytebuddy
2023-09-19T00:21:02.824Z  INFO 2527 --- [           main] o.s.o.j.p.SpringPersistenceUnitInfo      : No LoadTimeWeaver setup: ignoring JPA class transformer
2023-09-19T00:21:02.859Z  INFO 2527 --- [           main] com.zaxxer.hikari.HikariDataSource       : HikariPool-1 - Starting...
2023-09-19T00:21:03.352Z  INFO 2527 --- [           main] com.zaxxer.hikari.pool.HikariPool        : HikariPool-1 - Added connection conn0: url=jdbc:h2:file:./data/testdata user=SA
2023-09-19T00:21:03.354Z  INFO 2527 --- [           main] com.zaxxer.hikari.HikariDataSource       : HikariPool-1 - Start completed.
2023-09-19T00:21:03.862Z  INFO 2527 --- [           main] o.h.b.i.BytecodeProviderInitiator        : HHH000021: Bytecode provider name : bytebuddy
2023-09-19T00:21:05.040Z  INFO 2527 --- [           main] o.h.e.t.j.p.i.JtaPlatformInitiator       : HHH000490: Using JtaPlatform implementation: [org.hibernate.engine.transaction.jta.platform.internal.NoJtaPlatform]
2023-09-19T00:21:05.157Z  INFO 2527 --- [           main] j.LocalContainerEntityManagerFactoryBean : Initialized JPA EntityManagerFactory for persistence unit 'default'
2023-09-19T00:21:05.653Z  INFO 2527 --- [           main] o.s.d.j.r.query.QueryEnhancerFactory     : Hibernate is in classpath; If applicable, HQL parser will be used.
2023-09-19T00:21:06.684Z  INFO 2527 --- [           main] c.d.t.d.person.PersonGenerator           : Importing OSM dump
2023-09-19T00:21:07.619Z  INFO 2527 --- [           main] c.d.test.dataservice.person.AddressSink  : processing 1
2023-09-19T00:21:13.386Z  INFO 2527 --- [           main] c.d.t.d.person.PersonGenerator           : Address count: 6480
2023-09-19T00:21:13.966Z  INFO 2527 --- [           main] o.s.b.a.w.s.WelcomePageHandlerMapping    : Adding welcome page: class path resource [static/index.html]
2023-09-19T00:21:14.605Z  INFO 2527 --- [           main] o.s.b.w.embedded.tomcat.TomcatWebServer  : Tomcat started on port(s): 38291 (http) with context path ''
2023-09-19T00:21:14.625Z  INFO 2527 --- [           main] c.d.t.d.restassured.RestApiTest          : Started RestApiTest in 18.884 seconds (process running for 21.868)
2023-09-19T00:21:14.627Z  INFO 2527 --- [           main] c.d.t.d.DataServiceApplication           : Started with bean count of 302
OpenJDK 64-Bit Server VM warning: Sharing is only supported for boot loader classes because bootstrap classpath has been appended
2023-09-19T00:21:17.155Z  INFO 2527 --- [o-auto-1-exec-1] o.a.c.c.C.[Tomcat].[localhost].[/]       : Initializing Spring DispatcherServlet 'dispatcherServlet'
2023-09-19T00:21:17.155Z  INFO 2527 --- [o-auto-1-exec-1] o.s.web.servlet.DispatcherServlet        : Initializing Servlet 'dispatcherServlet'
2023-09-19T00:21:17.158Z  INFO 2527 --- [o-auto-1-exec-1] o.s.web.servlet.DispatcherServlet        : Completed initialization in 2 ms
2023-09-19T00:21:18.517Z  INFO 2527 --- [           main] t.c.s.AnnotationConfigContextLoaderUtils : Could not detect default configuration classes for test class [com.datengaertnerei.test.dataservice.browser.TestDataServiceBrowserTests]: TestDataServiceBrowserTests does not declare any static, non-private, non-final, nested classes annotated with @Configuration.
2023-09-19T00:21:18.541Z  INFO 2527 --- [           main] .b.t.c.SpringBootTestContextBootstrapper : Found @SpringBootConfiguration com.datengaertnerei.test.dataservice.DataServiceApplication for test class com.datengaertnerei.test.dataservice.browser.TestDataServiceBrowserTests
2023-09-19T00:21:32.640Z  INFO 2527 --- [           main] t.c.s.AnnotationConfigContextLoaderUtils : Could not detect default configuration classes for test class [com.datengaertnerei.test.dataservice.junit.TestDataServiceApiTests]: TestDataServiceApiTests does not declare any static, non-private, non-final, nested classes annotated with @Configuration.
2023-09-19T00:21:32.662Z  INFO 2527 --- [           main] .b.t.c.SpringBootTestContextBootstrapper : Found @SpringBootConfiguration com.datengaertnerei.test.dataservice.DataServiceApplication for test class com.datengaertnerei.test.dataservice.junit.TestDataServiceApiTests
2023-09-19T00:21:34.015Z  INFO 2527 --- [-auto-1-exec-10] o.springdoc.api.AbstractOpenApiResource  : Init duration for springdoc-openapi is: 778 ms
2023-09-19T00:21:34.249Z ERROR 2527 --- [o-auto-1-exec-7] o.a.c.c.C.[.[.[/].[dispatcherServlet]    : Servlet.service() for servlet [dispatcherServlet] in context with path [] threw exception [Request processing failed: com.talanlabs.avatargenerator.AvatarException: Failed to build avatar] with root cause

java.io.IOException: Stream closed
	at java.base/java.util.zip.InflaterInputStream.ensureOpen(InflaterInputStream.java:67) ~[na:na]
	at java.base/java.util.zip.InflaterInputStream.read(InflaterInputStream.java:142) ~[na:na]
	at java.base/java.io.FilterInputStream.read(FilterInputStream.java:132) ~[na:na]
	at java.desktop/javax.imageio.stream.FileCacheImageInputStream.readUntil(FileCacheImageInputStream.java:145) ~[na:na]
	at java.desktop/javax.imageio.stream.FileCacheImageInputStream.read(FileCacheImageInputStream.java:190) ~[na:na]
	at java.desktop/com.sun.imageio.plugins.common.SubImageInputStream.read(SubImageInputStream.java:61) ~[na:na]
	at java.desktop/com.sun.imageio.plugins.common.InputStreamAdapter.read(InputStreamAdapter.java:47) ~[na:na]
	at java.base/java.io.SequenceInputStream.read(SequenceInputStream.java:198) ~[na:na]
	at java.base/java.util.zip.InflaterInputStream.fill(InflaterInputStream.java:242) ~[na:na]
	at java.base/java.util.zip.InflaterInputStream.read(InflaterInputStream.java:158) ~[na:na]
	at java.base/java.io.BufferedInputStream.fill(BufferedInputStream.java:244) ~[na:na]
	at java.base/java.io.BufferedInputStream.read(BufferedInputStream.java:263) ~[na:na]
	at java.base/java.io.FilterInputStream.read(FilterInputStream.java:82) ~[na:na]
	at java.desktop/com.sun.imageio.plugins.png.PNGImageReader.decodePass(PNGImageReader.java:1238) ~[na:na]
	at java.desktop/com.sun.imageio.plugins.png.PNGImageReader.decodeImage(PNGImageReader.java:1381) ~[na:na]
	at java.desktop/com.sun.imageio.plugins.png.PNGImageReader.readImage(PNGImageReader.java:1521) ~[na:na]
	at java.desktop/com.sun.imageio.plugins.png.PNGImageReader.read(PNGImageReader.java:1847) ~[na:na]
	at java.desktop/javax.imageio.ImageIO.read(ImageIO.java:1470) ~[na:na]
	at java.desktop/javax.imageio.ImageIO.read(ImageIO.java:1422) ~[na:na]
	at com.talanlabs.avatargenerator.element.URLElementRegistry.getElement(URLElementRegistry.java:54) ~[avatar-generator-1.1.0.jar:na]
	at com.talanlabs.avatargenerator.Avatar.buildAvatarImage(Avatar.java:150) ~[avatar-generator-1.1.0.jar:na]
	at com.talanlabs.avatargenerator.Avatar.buildAll(Avatar.java:108) ~[avatar-generator-1.1.0.jar:na]
	at com.talanlabs.avatargenerator.Avatar.create(Avatar.java:71) ~[avatar-generator-1.1.0.jar:na]
	at com.talanlabs.avatargenerator.Avatar.createAsPngBytes(Avatar.java:82) ~[avatar-generator-1.1.0.jar:na]
	at com.datengaertnerei.test.dataservice.avatar.AvatarGenerator.getAvatar(AvatarGenerator.java:58) ~[classes/:na]
	at com.datengaertnerei.test.dataservice.RestApiController.avatar(RestApiController.java:235) ~[classes/:na]
	at java.base/jdk.internal.reflect.NativeMethodAccessorImpl.invoke0(Native Method) ~[na:na]
	at java.base/jdk.internal.reflect.NativeMethodAccessorImpl.invoke(NativeMethodAccessorImpl.java:77) ~[na:na]
	at java.base/jdk.internal.reflect.DelegatingMethodAccessorImpl.invoke(DelegatingMethodAccessorImpl.java:43) ~[na:na]
	at java.base/java.lang.reflect.Method.invoke(Method.java:568) ~[na:na]
	at org.springframework.web.method.support.InvocableHandlerMethod.doInvoke(InvocableHandlerMethod.java:205) ~[spring-web-6.0.11.jar:6.0.11]
	at org.springframework.web.method.support.InvocableHandlerMethod.invokeForRequest(InvocableHandlerMethod.java:150) ~[spring-web-6.0.11.jar:6.0.11]
	at org.springframework.web.servlet.mvc.method.annotation.ServletInvocableHandlerMethod.invokeAndHandle(ServletInvocableHandlerMethod.java:118) ~[spring-webmvc-6.0.11.jar:6.0.11]
	at org.springframework.web.servlet.mvc.method.annotation.RequestMappingHandlerAdapter.invokeHandlerMethod(RequestMappingHandlerAdapter.java:884) ~[spring-webmvc-6.0.11.jar:6.0.11]
	at org.springframework.web.servlet.mvc.method.annotation.RequestMappingHandlerAdapter.handleInternal(RequestMappingHandlerAdapter.java:797) ~[spring-webmvc-6.0.11.jar:6.0.11]
	at org.springframework.web.servlet.mvc.method.AbstractHandlerMethodAdapter.handle(AbstractHandlerMethodAdapter.java:87) ~[spring-webmvc-6.0.11.jar:6.0.11]
	at org.springframework.web.servlet.DispatcherServlet.doDispatch(DispatcherServlet.java:1081) ~[spring-webmvc-6.0.11.jar:6.0.11]
	at org.springframework.web.servlet.DispatcherServlet.doService(DispatcherServlet.java:974) ~[spring-webmvc-6.0.11.jar:6.0.11]
	at org.springframework.web.servlet.FrameworkServlet.processRequest(FrameworkServlet.java:1011) ~[spring-webmvc-6.0.11.jar:6.0.11]
	at org.springframework.web.servlet.FrameworkServlet.doGet(FrameworkServlet.java:903) ~[spring-webmvc-6.0.11.jar:6.0.11]
	at jakarta.servlet.http.HttpServlet.service(HttpServlet.java:564) ~[tomcat-embed-core-10.1.12.jar:6.0]
	at org.springframework.web.servlet.FrameworkServlet.service(FrameworkServlet.java:885) ~[spring-webmvc-6.0.11.jar:6.0.11]
	at jakarta.servlet.http.HttpServlet.service(HttpServlet.java:658) ~[tomcat-embed-core-10.1.12.jar:6.0]
	at org.apache.catalina.core.ApplicationFilterChain.internalDoFilter(ApplicationFilterChain.java:205) ~[tomcat-embed-core-10.1.12.jar:10.1.12]
	at org.apache.catalina.core.ApplicationFilterChain.doFilter(ApplicationFilterChain.java:149) ~[tomcat-embed-core-10.1.12.jar:10.1.12]
	at org.apache.tomcat.websocket.server.WsFilter.doFilter(WsFilter.java:51) ~[tomcat-embed-websocket-10.1.12.jar:10.1.12]
	at org.apache.catalina.core.ApplicationFilterChain.internalDoFilter(ApplicationFilterChain.java:174) ~[tomcat-embed-core-10.1.12.jar:10.1.12]
	at org.apache.catalina.core.ApplicationFilterChain.doFilter(ApplicationFilterChain.java:149) ~[tomcat-embed-core-10.1.12.jar:10.1.12]
	at org.springframework.web.filter.RequestContextFilter.doFilterInternal(RequestContextFilter.java:100) ~[spring-web-6.0.11.jar:6.0.11]
	at org.springframework.web.filter.OncePerRequestFilter.doFilter(OncePerRequestFilter.java:116) ~[spring-web-6.0.11.jar:6.0.11]
	at org.apache.catalina.core.ApplicationFilterChain.internalDoFilter(ApplicationFilterChain.java:174) ~[tomcat-embed-core-10.1.12.jar:10.1.12]
	at org.apache.catalina.core.ApplicationFilterChain.doFilter(ApplicationFilterChain.java:149) ~[tomcat-embed-core-10.1.12.jar:10.1.12]
	at org.springframework.web.filter.FormContentFilter.doFilterInternal(FormContentFilter.java:93) ~[spring-web-6.0.11.jar:6.0.11]
	at org.springframework.web.filter.OncePerRequestFilter.doFilter(OncePerRequestFilter.java:116) ~[spring-web-6.0.11.jar:6.0.11]
	at org.apache.catalina.core.ApplicationFilterChain.internalDoFilter(ApplicationFilterChain.java:174) ~[tomcat-embed-core-10.1.12.jar:10.1.12]
	at org.apache.catalina.core.ApplicationFilterChain.doFilter(ApplicationFilterChain.java:149) ~[tomcat-embed-core-10.1.12.jar:10.1.12]
	at org.springframework.web.filter.CharacterEncodingFilter.doFilterInternal(CharacterEncodingFilter.java:201) ~[spring-web-6.0.11.jar:6.0.11]
	at org.springframework.web.filter.OncePerRequestFilter.doFilter(OncePerRequestFilter.java:116) ~[spring-web-6.0.11.jar:6.0.11]
	at org.apache.catalina.core.ApplicationFilterChain.internalDoFilter(ApplicationFilterChain.java:174) ~[tomcat-embed-core-10.1.12.jar:10.1.12]
	at org.apache.catalina.core.ApplicationFilterChain.doFilter(ApplicationFilterChain.java:149) ~[tomcat-embed-core-10.1.12.jar:10.1.12]
	at org.apache.catalina.core.StandardWrapperValve.invoke(StandardWrapperValve.java:166) ~[tomcat-embed-core-10.1.12.jar:10.1.12]
	at org.apache.catalina.core.StandardContextValve.invoke(StandardContextValve.java:90) ~[tomcat-embed-core-10.1.12.jar:10.1.12]
	at org.apache.catalina.authenticator.AuthenticatorBase.invoke(AuthenticatorBase.java:482) ~[tomcat-embed-core-10.1.12.jar:10.1.12]
	at org.apache.catalina.core.StandardHostValve.invoke(StandardHostValve.java:115) ~[tomcat-embed-core-10.1.12.jar:10.1.12]
	at org.apache.catalina.valves.ErrorReportValve.invoke(ErrorReportValve.java:93) ~[tomcat-embed-core-10.1.12.jar:10.1.12]
	at org.apache.catalina.core.StandardEngineValve.invoke(StandardEngineValve.java:74) ~[tomcat-embed-core-10.1.12.jar:10.1.12]
	at org.apache.catalina.connector.CoyoteAdapter.service(CoyoteAdapter.java:341) ~[tomcat-embed-core-10.1.12.jar:10.1.12]
	at org.apache.coyote.http11.Http11Processor.service(Http11Processor.java:391) ~[tomcat-embed-core-10.1.12.jar:10.1.12]
	at org.apache.coyote.AbstractProcessorLight.process(AbstractProcessorLight.java:63) ~[tomcat-embed-core-10.1.12.jar:10.1.12]
	at org.apache.coyote.AbstractProtocol$ConnectionHandler.process(AbstractProtocol.java:894) ~[tomcat-embed-core-10.1.12.jar:10.1.12]
	at org.apache.tomcat.util.net.NioEndpoint$SocketProcessor.doRun(NioEndpoint.java:1740) ~[tomcat-embed-core-10.1.12.jar:10.1.12]
	at org.apache.tomcat.util.net.SocketProcessorBase.run(SocketProcessorBase.java:52) ~[tomcat-embed-core-10.1.12.jar:10.1.12]
	at org.apache.tomcat.util.threads.ThreadPoolExecutor.runWorker(ThreadPoolExecutor.java:1191) ~[tomcat-embed-core-10.1.12.jar:10.1.12]
	at org.apache.tomcat.util.threads.ThreadPoolExecutor$Worker.run(ThreadPoolExecutor.java:659) ~[tomcat-embed-core-10.1.12.jar:10.1.12]
	at org.apache.tomcat.util.threads.TaskThread$WrappingRunnable.run(TaskThread.java:61) ~[tomcat-embed-core-10.1.12.jar:10.1.12]
	at java.base/java.lang.Thread.run(Thread.java:833) ~[na:na]


Verifying a pact between consumer and test-data-provider
  [Using File src/test/resources/pacts/bundles.json]
  A successful api GET call for a bundle
2023-09-19T00:21:36.369Z  WARN 2527 --- [       Thread-9] au.com.dius.pact.core.support.Metrics    : 
            Please note: we are tracking events anonymously to gather important usage statistics like JVM version
            and operating system. To disable tracking, set the 'pact_do_not_track' system property or environment
            variable to 'true'.
            
    returns a response which
      has status code 200 (OK)
      has a matching body (OK)
2023-09-19T00:21:36.566Z  WARN 2527 --- [           main] a.c.d.p.p.DefaultTestResultAccumulator   : Skipping publishing of verification results as it has been disabled (pact.verifier.publishResults is not 'true')
2023-09-19T00:21:36.595Z  INFO 2527 --- [           main] t.c.s.AnnotationConfigContextLoaderUtils : Could not detect default configuration classes for test class [com.datengaertnerei.test.dataservice.person.DataImportTest]: DataImportTest does not declare any static, non-private, non-final, nested classes annotated with @Configuration.
2023-09-19T00:21:36.612Z  INFO 2527 --- [           main] .b.t.c.SpringBootTestContextBootstrapper : Found @SpringBootConfiguration com.datengaertnerei.test.dataservice.DataServiceApplication for test class com.datengaertnerei.test.dataservice.person.DataImportTest
2023-09-19T00:21:36.627Z  INFO 2527 --- [           main] c.d.test.dataservice.person.AddressSink  : processing 1
2023-09-19T00:21:39.865Z  INFO 2527 --- [           main] t.c.s.AnnotationConfigContextLoaderUtils : Could not detect default configuration classes for test class [com.datengaertnerei.test.dataservice.cucumber.CucumberSpringContextConfiguration]: CucumberSpringContextConfiguration does not declare any static, non-private, non-final, nested classes annotated with @Configuration.
2023-09-19T00:21:39.879Z  INFO 2527 --- [           main] .b.t.c.SpringBootTestContextBootstrapper : Found @SpringBootConfiguration com.datengaertnerei.test.dataservice.DataServiceApplication for test class com.datengaertnerei.test.dataservice.cucumber.CucumberSpringContextConfiguration
2023-09-19T00:21:40.035Z  INFO 2527 --- [           main] t.c.s.AnnotationConfigContextLoaderUtils : Could not detect default configuration classes for test class [com.datengaertnerei.test.dataservice.cucumber.CucumberSpringContextConfiguration]: CucumberSpringContextConfiguration does not declare any static, non-private, non-final, nested classes annotated with @Configuration.
2023-09-19T00:21:40.036Z  INFO 2527 --- [           main] .b.t.c.SpringBootTestContextBootstrapper : Found @SpringBootConfiguration com.datengaertnerei.test.dataservice.DataServiceApplication for test class com.datengaertnerei.test.dataservice.cucumber.CucumberSpringContextConfiguration
2023-09-19T00:21:40.088Z  INFO 2527 --- [ionShutdownHook] j.LocalContainerEntityManagerFactoryBean : Closing JPA EntityManagerFactory for persistence unit 'default'
2023-09-19T00:21:40.093Z  INFO 2527 --- [ionShutdownHook] com.zaxxer.hikari.HikariDataSource       : HikariPool-1 - Shutdown initiated...
[WARNING] Corrupted channel by directly writing to native stream in forked JVM 1. See FAQ web page and the dump file /home/runner/work/test-data-service/test-data-service/target/surefire-reports/2023-09-19T00-20-52_613-jvmRun1.dumpstream
yarn install v1.22.19
[1/4] Resolving packages...
success Already up-to-date.
Done in 0.61s.
Latest version:     [1m[32m1.0.30001535[39m[22m
Installed version:  [1m[32m1.0.30001535[39m[22m
[1m[32mcaniuse-lite is up to date[39m[22m
caniuse-lite has been successfully updated

[32mNo target browser changes[39m
yarn install v1.22.19
[1/4] Resolving packages...
success Already up-to-date.
Done in 0.60s.
Latest version:     [1m[32m1.0.30001535[39m[22m
Installed version:  [1m[32m1.0.30001535[39m[22m
[1m[32mcaniuse-lite is up to date[39m[22m
caniuse-lite has been successfully updated

[32mNo target browser changes[39m
yarn run v1.22.19
$ node node_modules/react-scripts/bin/react-scripts.js build
Creating an optimized production build...
Compiled successfully.

File sizes after gzip:

  68.91 kB  build/static/js/main.1257d8b3.js
  2.63 kB   build/static/js/729.ea47c313.chunk.js
  1.05 kB   build/static/css/main.7f34a671.css

The project was built assuming it is hosted at /.
You can control this with the homepage field in your package.json.

The build folder is ready to be deployed.
You may serve it with a static server:

  yarn global add serve
  serve -s build

Find out more about deployment here:

  https://cra.link/deployment

Done in 10.38s.
yarn install v1.22.19
[1/4] Resolving packages...
success Already up-to-date.
Done in 0.64s.
Latest version:     [1m[32m1.0.30001535[39m[22m
Installed version:  [1m[32m1.0.30001535[39m[22m
[1m[32mcaniuse-lite is up to date[39m[22m
caniuse-lite has been successfully updated

[32mNo target browser changes[39m
yarn run v1.22.19
$ node node_modules/react-scripts/bin/react-scripts.js build
Creating an optimized production build...
Compiled successfully.

File sizes after gzip:

  68.91 kB  build/static/js/main.1257d8b3.js
  2.63 kB   build/static/js/729.ea47c313.chunk.js
  1.05 kB   build/static/css/main.7f34a671.css

The project was built assuming it is hosted at /.
You can control this with the homepage field in your package.json.

The build folder is ready to be deployed.
You may serve it with a static server:

  yarn global add serve
  serve -s build

Find out more about deployment here:

  https://cra.link/deployment

Done in 8.99s.
yarn install v1.22.19
[1/4] Resolving packages...
success Already up-to-date.
Done in 0.58s.
Latest version:     [1m[32m1.0.30001535[39m[22m
Installed version:  [1m[32m1.0.30001535[39m[22m
[1m[32mcaniuse-lite is up to date[39m[22m
caniuse-lite has been successfully updated

[32mNo target browser changes[39m
yarn install v1.22.19
[1/4] Resolving packages...
success Already up-to-date.
Done in 0.62s.
Latest version:     [1m[32m1.0.30001535[39m[22m
Installed version:  [1m[32m1.0.30001535[39m[22m
[1m[32mcaniuse-lite is up to date[39m[22m
caniuse-lite has been successfully updated

[32mNo target browser changes[39m
yarn run v1.22.19
$ node node_modules/react-scripts/bin/react-scripts.js build
Creating an optimized production build...
Compiled successfully.

File sizes after gzip:

  68.91 kB  build/static/js/main.1257d8b3.js
  2.63 kB   build/static/js/729.ea47c313.chunk.js
  1.05 kB   build/static/css/main.7f34a671.css

The project was built assuming it is hosted at /.
You can control this with the homepage field in your package.json.

The build folder is ready to be deployed.
You may serve it with a static server:

  yarn global add serve
  serve -s build

Find out more about deployment here:

  https://cra.link/deployment

Done in 8.98s.
[WARNING] Unable to find a URL to the parent project. The parent menu will NOT be added.
[WARNING] Unable to create Maven project for com.querydsl:querydsl-codegen-utils:jar:5.0.0 from repository.
[WARNING] Unable to create Maven project for io.micrometer:benchmarks:jar:1.1.4 from repository.
[WARNING] Unable to create Maven project for io.micrometer:micrometer-osgi-test:jar:1.11.3 from repository.
[WARNING] Unable to create Maven project for org.infinispan:infinispan-tools:jar:14.0.14.Final from repository.
